# JRE version: Java(TM) SE Runtime Environment (7.0_79-b15) (build 1.7.0_79-b15)
# Java VM: Java HotSpot(TM) 64-Bit Server VM (24.79-b02 mixed mode windows-amd64 compressed oops)
Heap
 PSYoungGen      total 37888K, used 16K [0x00000007d5f00000, 0x00000007d8700000, 0x0000000800000000)
  eden space 35328K, 0% used [0x00000007d5f00000,0x00000007d5f042f0,0x00000007d8180000)
  from space 2560K, 0% used [0x00000007d8180000,0x00000007d8180000,0x00000007d8400000)
  to   space 2560K, 0% used [0x00000007d8480000,0x00000007d8480000,0x00000007d8700000)
 ParOldGen       total 263168K, used 30753K [0x0000000781e00000, 0x0000000791f00000, 0x00000007d5f00000)
  object space 263168K, 11% used [0x0000000781e00000,0x0000000783c08628,0x0000000791f00000)
 PSPermGen       total 83968K, used 83967K [0x000000077cc00000, 0x0000000781e00000, 0x0000000781e00000)
  object space 83968K, 99% used [0x000000077cc00000,0x0000000781dfffe8,0x0000000781e00000)
GC Heap History (10 events):
Event: 27949.655 GC heap before
{Heap before GC invocations=102 (full 3):
 PSYoungGen      total 37376K, used 0K [0x00000007d5f00000, 0x00000007d8680000, 0x0000000800000000)
  eden space 34816K, 0% used [0x00000007d5f00000,0x00000007d5f00000,0x00000007d8100000)
  from space 2560K, 0% used [0x00000007d8100000,0x00000007d8100000,0x00000007d8380000)
  to   space 2560K, 0% used [0x00000007d8400000,0x00000007d8400000,0x00000007d8680000)
 ParOldGen       total 96768K, used 31272K [0x0000000781e00000, 0x0000000787c80000, 0x00000007d5f00000)
  object space 96768K, 32% used [0x0000000781e00000,0x0000000783c8a2a8,0x0000000787c80000)
 PSPermGen       total 83968K, used 83958K [0x000000077cc00000, 0x0000000781e00000, 0x0000000781e00000)
  object space 83968K, 99% used [0x000000077cc00000,0x0000000781dfd878,0x0000000781e00000)
Event: 27949.933 GC heap after
Heap after GC invocations=102 (full 3):
 PSYoungGen      total 37376K, used 0K [0x00000007d5f00000, 0x00000007d8680000, 0x0000000800000000)
  eden space 34816K, 0% used [0x00000007d5f00000,0x00000007d5f00000,0x00000007d8100000)
  from space 2560K, 0% used [0x00000007d8100000,0x00000007d8100000,0x00000007d8380000)
  to   space 2560K, 0% used [0x00000007d8400000,0x00000007d8400000,0x00000007d8680000)
 ParOldGen       total 135168K, used 30800K [0x0000000781e00000, 0x000000078a200000, 0x00000007d5f00000)
  object space 135168K, 22% used [0x0000000781e00000,0x0000000783c140b8,0x000000078a200000)
 PSPermGen       total 83968K, used 83894K [0x000000077cc00000, 0x0000000781e00000, 0x0000000781e00000)
  object space 83968K, 99% used [0x000000077cc00000,0x0000000781ded838,0x0000000781e00000)
}
Event: 27949.955 GC heap before
{Heap before GC invocations=103 (full 3):
 PSYoungGen      total 37376K, used 6K [0x00000007d5f00000, 0x00000007d8680000, 0x0000000800000000)
  eden space 34816K, 0% used [0x00000007d5f00000,0x00000007d5f01b78,0x00000007d8100000)
  from space 2560K, 0% used [0x00000007d8100000,0x00000007d8100000,0x00000007d8380000)
  to   space 2560K, 0% used [0x00000007d8400000,0x00000007d8400000,0x00000007d8680000)
 ParOldGen       total 135168K, used 30800K [0x0000000781e00000, 0x000000078a200000, 0x00000007d5f00000)
  object space 135168K, 22% used [0x0000000781e00000,0x0000000783c140b8,0x000000078a200000)
 PSPermGen       total 83968K, used 83967K [0x000000077cc00000, 0x0000000781e00000, 0x0000000781e00000)
  object space 83968K, 99% used [0x000000077cc00000,0x0000000781dfffe8,0x0000000781e00000)
Event: 27949.958 GC heap after
Heap after GC invocations=103 (full 3):
 PSYoungGen      total 37888K, used 32K [0x00000007d5f00000, 0x00000007d8680000, 0x0000000800000000)
  eden space 35328K, 0% used [0x00000007d5f00000,0x00000007d5f00000,0x00000007d8180000)
  from space 2560K, 1% used [0x00000007d8400000,0x00000007d8408000,0x00000007d8680000)
  to   space 2560K, 0% used [0x00000007d8180000,0x00000007d8180000,0x00000007d8400000)
 ParOldGen       total 135168K, used 30800K [0x0000000781e00000, 0x000000078a200000, 0x00000007d5f00000)
  object space 135168K, 22% used [0x0000000781e00000,0x0000000783c140b8,0x000000078a200000)
 PSPermGen       total 83968K, used 83967K [0x000000077cc00000, 0x0000000781e00000, 0x0000000781e00000)
  object space 83968K, 99% used [0x000000077cc00000,0x0000000781dfffe8,0x0000000781e00000)
}
Event: 27949.958 GC heap before
{Heap before GC invocations=104 (full 4):
 PSYoungGen      total 37888K, used 32K [0x00000007d5f00000, 0x00000007d8680000, 0x0000000800000000)
  eden space 35328K, 0% used [0x00000007d5f00000,0x00000007d5f00000,0x00000007d8180000)
  from space 2560K, 1% used [0x00000007d8400000,0x00000007d8408000,0x00000007d8680000)
  to   space 2560K, 0% used [0x00000007d8180000,0x00000007d8180000,0x00000007d8400000)
 ParOldGen       total 135168K, used 30800K [0x0000000781e00000, 0x000000078a200000, 0x00000007d5f00000)
  object space 135168K, 22% used [0x0000000781e00000,0x0000000783c140b8,0x000000078a200000)
 PSPermGen       total 83968K, used 83967K [0x000000077cc00000, 0x0000000781e00000, 0x0000000781e00000)
  object space 83968K, 99% used [0x000000077cc00000,0x0000000781dfffe8,0x0000000781e00000)
Event: 27950.069 GC heap after
Heap after GC invocations=104 (full 4):
 PSYoungGen      total 37888K, used 0K [0x00000007d5f00000, 0x00000007d8680000, 0x0000000800000000)
  eden space 35328K, 0% used [0x00000007d5f00000,0x00000007d5f00000,0x00000007d8180000)
  from space 2560K, 0% used [0x00000007d8400000,0x00000007d8400000,0x00000007d8680000)
  to   space 2560K, 0% used [0x00000007d8180000,0x00000007d8180000,0x00000007d8400000)
 ParOldGen       total 197120K, used 30753K [0x0000000781e00000, 0x000000078de80000, 0x00000007d5f00000)
  object space 197120K, 15% used [0x0000000781e00000,0x0000000783c08628,0x000000078de80000)
 PSPermGen       total 83968K, used 83967K [0x000000077cc00000, 0x0000000781e00000, 0x0000000781e00000)
  object space 83968K, 99% used [0x000000077cc00000,0x0000000781dfffe8,0x0000000781e00000)
}
Event: 27950.069 GC heap before
{Heap before GC invocations=105 (full 4):
 PSYoungGen      total 37888K, used 0K [0x00000007d5f00000, 0x00000007d8680000, 0x0000000800000000)
  eden space 35328K, 0% used [0x00000007d5f00000,0x00000007d5f00000,0x00000007d8180000)
  from space 2560K, 0% used [0x00000007d8400000,0x00000007d8400000,0x00000007d8680000)
  to   space 2560K, 0% used [0x00000007d8180000,0x00000007d8180000,0x00000007d8400000)
 ParOldGen       total 197120K, used 30753K [0x0000000781e00000, 0x000000078de80000, 0x00000007d5f00000)
  object space 197120K, 15% used [0x0000000781e00000,0x0000000783c08628,0x000000078de80000)
 PSPermGen       total 83968K, used 83967K [0x000000077cc00000, 0x0000000781e00000, 0x0000000781e00000)
  object space 83968K, 99% used [0x000000077cc00000,0x0000000781dfffe8,0x0000000781e00000)
Event: 27950.072 GC heap after
Heap after GC invocations=105 (full 4):
 PSYoungGen      total 37888K, used 0K [0x00000007d5f00000, 0x00000007d8700000, 0x0000000800000000)
  eden space 35328K, 0% used [0x00000007d5f00000,0x00000007d5f00000,0x00000007d8180000)
  from space 2560K, 0% used [0x00000007d8180000,0x00000007d8180000,0x00000007d8400000)
  to   space 2560K, 0% used [0x00000007d8480000,0x00000007d8480000,0x00000007d8700000)
 ParOldGen       total 197120K, used 30753K [0x0000000781e00000, 0x000000078de80000, 0x00000007d5f00000)
  object space 197120K, 15% used [0x0000000781e00000,0x0000000783c08628,0x000000078de80000)
 PSPermGen       total 83968K, used 83967K [0x000000077cc00000, 0x0000000781e00000, 0x0000000781e00000)
  object space 83968K, 99% used [0x000000077cc00000,0x0000000781dfffe8,0x0000000781e00000)
}
Event: 27950.072 GC heap before
{Heap before GC invocations=106 (full 5):
 PSYoungGen      total 37888K, used 0K [0x00000007d5f00000, 0x00000007d8700000, 0x0000000800000000)
  eden space 35328K, 0% used [0x00000007d5f00000,0x00000007d5f00000,0x00000007d8180000)
  from space 2560K, 0% used [0x00000007d8180000,0x00000007d8180000,0x00000007d8400000)
  to   space 2560K, 0% used [0x00000007d8480000,0x00000007d8480000,0x00000007d8700000)
 ParOldGen       total 197120K, used 30753K [0x0000000781e00000, 0x000000078de80000, 0x00000007d5f00000)
  object space 197120K, 15% used [0x0000000781e00000,0x0000000783c08628,0x000000078de80000)
 PSPermGen       total 83968K, used 83967K [0x000000077cc00000, 0x0000000781e00000, 0x0000000781e00000)
  object space 83968K, 99% used [0x000000077cc00000,0x0000000781dfffe8,0x0000000781e00000)
Event: 27950.154 GC heap after
Heap after GC invocations=106 (full 5):
 PSYoungGen      total 37888K, used 0K [0x00000007d5f00000, 0x00000007d8700000, 0x0000000800000000)
  eden space 35328K, 0% used [0x00000007d5f00000,0x00000007d5f00000,0x00000007d8180000)
  from space 2560K, 0% used [0x00000007d8180000,0x00000007d8180000,0x00000007d8400000)
  to   space 2560K, 0% used [0x00000007d8480000,0x00000007d8480000,0x00000007d8700000)
 ParOldGen       total 263168K, used 30753K [0x0000000781e00000, 0x0000000791f00000, 0x00000007d5f00000)
  object space 263168K, 11% used [0x0000000781e00000,0x0000000783c08628,0x0000000791f00000)
 PSPermGen       total 83968K, used 83967K [0x000000077cc00000, 0x0000000781e00000, 0x0000000781e00000)
  object space 83968K, 99% used [0x000000077cc00000,0x0000000781dfffe8,0x0000000781e00000)
}

